<?xml version="1.0" encoding="UTF-8"?>
<!-- Generated by org.testng.reporters.JUnitReportReporter -->
<testsuite hostname="DESKTOP-5IK2IB9" failures="0" tests="1" name="Day7.FakeDataGenerator" time="0.167" errors="0" timestamp="2023-12-04T15:40:08 IST" skipped="0">
  <testcase classname="Day7.FakeDataGenerator" name="testGenerateDummyData" time="0.167"/>
</testsuite> <!-- Day7.FakeDataGenerator -->
