<?xml version="1.0" encoding="UTF-8"?>
<!-- Generated by org.testng.reporters.JUnitReportReporter -->
<testsuite hostname="DESKTOP-5IK2IB9" failures="0" tests="4" name="Day1.HTTPRequests" time="3.682" errors="0" timestamp="2023-11-27T17:18:32 IST" skipped="0">
  <testcase classname="Day1.HTTPRequests" name="getUser" time="2.071"/>
  <testcase classname="Day1.HTTPRequests" name="createUser" time="0.667"/>
  <testcase classname="Day1.HTTPRequests" name="updateUser" time="0.598"/>
  <testcase classname="Day1.HTTPRequests" name="deleteUser" time="0.346"/>
</testsuite> <!-- Day1.HTTPRequests -->
