<?xml version="1.0" encoding="UTF-8"?>
<!-- Generated by org.testng.reporters.JUnitReportReporter -->
<testsuite hostname="DESKTOP-5IK2IB9" failures="0" tests="2" name="Day5.ParsingJsonResponseData" time="1.851" errors="0" timestamp="2023-11-30T15:59:46 IST" skipped="0">
  <testcase classname="Day5.ParsingJsonResponseData" name="testJsonResponse" time="1.757"/>
  <testcase classname="Day5.ParsingJsonResponseData" name="testResponseBodyData" time="0.094"/>
</testsuite> <!-- Day5.ParsingJsonResponseData -->
