<?xml version="1.0" encoding="UTF-8"?>
<!-- Generated by org.testng.reporters.JUnitReportReporter -->
<testsuite hostname="DESKTOP-5IK2IB9" failures="0" tests="6" name="Day7.Authentications" time="8.762" errors="0" timestamp="2023-12-04T15:20:59 IST" skipped="0">
  <testcase classname="Day7.Authentications" name="testBasicAuthentication" time="3.438"/>
  <testcase classname="Day7.Authentications" name="testdigestAuthentication" time="1.665"/>
  <testcase classname="Day7.Authentications" name="testpreemptiveAuthentication" time="1.372"/>
  <testcase classname="Day7.Authentications" name="testbearertokenauthentication" time="1.256"/>
  <testcase classname="Day7.Authentications" name="testAPIKeyAuthentication" time="0.562"/>
  <testcase classname="Day7.Authentications" name="testAPIKeyAuthentication2" time="0.469"/>
</testsuite> <!-- Day7.Authentications -->
