<?xml version="1.0" encoding="UTF-8"?>
<!-- Generated by org.testng.reporters.JUnitReportReporter -->
<testsuite hostname="DESKTOP-5IK2IB9" failures="0" tests="1" name="Day4.LoggingDemo" time="1.383" errors="0" timestamp="2023-11-29T18:14:54 IST" skipped="0">
  <testcase classname="Day4.LoggingDemo" name="loggingdemo" time="1.383"/>
</testsuite> <!-- Day4.LoggingDemo -->
