<?xml version="1.0" encoding="UTF-8"?>
<!-- Generated by org.testng.reporters.JUnitReportReporter -->
<testsuite hostname="DESKTOP-5IK2IB9" failures="0" tests="5" name="Day2.DiffWaysToCreatePostRequestBody" time="6.708" errors="0" timestamp="2023-11-29T12:39:50 IST" skipped="0">
  <testcase classname="Day2.DiffWaysToCreatePostRequestBody" name="TestRequestBodybyusingHashMap_Login" time="2.627"/>
  <testcase classname="Day2.DiffWaysToCreatePostRequestBody" name="TestRequestBodybyusingHashMap_VerifyEmail_OTP" time="0.685"/>
  <testcase classname="Day2.DiffWaysToCreatePostRequestBody" name="orgjson" time="1.120"/>
  <testcase classname="Day2.DiffWaysToCreatePostRequestBody" name="pojoRequest" time="1.178"/>
  <testcase classname="Day2.DiffWaysToCreatePostRequestBody" name="externalJsonFile" time="1.098"/>
</testsuite> <!-- Day2.DiffWaysToCreatePostRequestBody -->
