<?xml version="1.0" encoding="UTF-8"?>
<!-- Generated by org.testng.reporters.JUnitReportReporter -->
<testsuite hostname="DESKTOP-5IK2IB9" failures="0" tests="1" name="Day3.PathAndQueryParameter" time="1.896" errors="0" timestamp="2023-11-29T14:32:05 IST" skipped="0">
  <testcase classname="Day3.PathAndQueryParameter" name="testQueryPathParameters" time="1.896"/>
</testsuite> <!-- Day3.PathAndQueryParameter -->
