<?xml version="1.0" encoding="UTF-8"?>
<!-- Generated by org.testng.reporters.JUnitReportReporter -->
<testsuite hostname="DESKTOP-5IK2IB9" failures="0" tests="2" name="Day4.HeadersDemo" time="2.206" errors="0" timestamp="2023-11-29T18:04:19 IST" skipped="0">
  <testcase classname="Day4.HeadersDemo" name="header" time="1.690"/>
  <testcase classname="Day4.HeadersDemo" name="getheaders" time="0.516"/>
</testsuite> <!-- Day4.HeadersDemo -->
