<?xml version="1.0" encoding="UTF-8"?>
<!-- Generated by org.testng.reporters.JUnitReportReporter -->
<testsuite hostname="DESKTOP-5IK2IB9" failures="0" tests="1" name="Day4.GetCoockies" time="1.633" errors="0" timestamp="2023-11-29T16:46:54 IST" skipped="0">
  <testcase classname="Day4.GetCoockies" name="getCoockies" time="1.633"/>
</testsuite> <!-- Day4.GetCoockies -->
